[2025-02-10 04:30:44,969][flwr][INFO] - Starting Flower ServerApp, config: num_rounds=20, no round_timeout
[2025-02-10 04:30:44,969][flwr][INFO] - 
[2025-02-10 04:30:44,971][flwr][INFO] - [INIT]
[2025-02-10 04:30:44,972][flwr][INFO] - Using initial global parameters provided by strategy
[2025-02-10 04:30:44,972][flwr][INFO] - Starting evaluation of initial global parameters
[2025-02-10 04:30:53,528][flwr][INFO] - initial parameters (loss, other metrics): 0.07212486484050751, {'accuracy': 0.0958}
[2025-02-10 04:30:53,529][flwr][INFO] - 
[2025-02-10 04:30:53,529][flwr][INFO] - [ROUND 1]
[2025-02-10 04:30:53,529][flwr][INFO] - configure_fit: strategy sampled 20 clients (out of 20)
[2025-02-10 04:31:27,393][flwr][INFO] - aggregate_fit: received 20 results and 0 failures
[2025-02-10 04:31:33,396][flwr][INFO] - fit progress: (1, 0.07147369666099548, {'accuracy': 0.1248}, 39.867323652993946)
[2025-02-10 04:31:33,396][flwr][INFO] - configure_evaluate: strategy sampled 20 clients (out of 20)
[2025-02-10 04:31:58,836][flwr][INFO] - aggregate_evaluate: received 20 results and 0 failures
[2025-02-10 04:31:58,837][flwr][INFO] - 
[2025-02-10 04:31:58,837][flwr][INFO] - [ROUND 2]
[2025-02-10 04:31:58,837][flwr][INFO] - configure_fit: strategy sampled 20 clients (out of 20)
[2025-02-10 04:32:28,482][flwr][INFO] - aggregate_fit: received 20 results and 0 failures
[2025-02-10 04:32:34,103][flwr][INFO] - fit progress: (2, 0.0706770703792572, {'accuracy': 0.2775}, 100.57421956899634)
[2025-02-10 04:32:34,103][flwr][INFO] - configure_evaluate: strategy sampled 20 clients (out of 20)
[2025-02-10 04:33:00,765][flwr][INFO] - aggregate_evaluate: received 20 results and 0 failures
[2025-02-10 04:33:00,765][flwr][INFO] - 
[2025-02-10 04:33:00,765][flwr][INFO] - [ROUND 3]
[2025-02-10 04:33:00,766][flwr][INFO] - configure_fit: strategy sampled 20 clients (out of 20)
[2025-02-10 04:33:28,761][flwr][INFO] - aggregate_fit: received 20 results and 0 failures
[2025-02-10 04:33:34,918][flwr][INFO] - fit progress: (3, 0.06939228265285492, {'accuracy': 0.4037}, 161.3896547589975)
[2025-02-10 04:33:34,918][flwr][INFO] - configure_evaluate: strategy sampled 20 clients (out of 20)
[2025-02-10 04:33:59,954][flwr][INFO] - aggregate_evaluate: received 20 results and 0 failures
[2025-02-10 04:33:59,954][flwr][INFO] - 
[2025-02-10 04:33:59,954][flwr][INFO] - [ROUND 4]
[2025-02-10 04:33:59,954][flwr][INFO] - configure_fit: strategy sampled 20 clients (out of 20)
[2025-02-10 04:34:30,250][flwr][INFO] - aggregate_fit: received 20 results and 0 failures
[2025-02-10 04:34:36,462][flwr][INFO] - fit progress: (4, 0.06740407202243805, {'accuracy': 0.4768}, 222.9334221600002)
[2025-02-10 04:34:36,462][flwr][INFO] - configure_evaluate: strategy sampled 20 clients (out of 20)
[2025-02-10 04:35:03,046][flwr][INFO] - aggregate_evaluate: received 20 results and 0 failures
[2025-02-10 04:35:03,046][flwr][INFO] - 
[2025-02-10 04:35:03,047][flwr][INFO] - [ROUND 5]
[2025-02-10 04:35:03,047][flwr][INFO] - configure_fit: strategy sampled 20 clients (out of 20)
[2025-02-10 04:35:32,038][flwr][INFO] - aggregate_fit: received 20 results and 0 failures
[2025-02-10 04:35:37,976][flwr][INFO] - fit progress: (5, 0.06435328602790832, {'accuracy': 0.5622}, 284.447675642994)
[2025-02-10 04:35:37,976][flwr][INFO] - configure_evaluate: strategy sampled 20 clients (out of 20)
[2025-02-10 04:36:05,033][flwr][INFO] - aggregate_evaluate: received 20 results and 0 failures
[2025-02-10 04:36:05,033][flwr][INFO] - 
[2025-02-10 04:36:05,033][flwr][INFO] - [ROUND 6]
[2025-02-10 04:36:05,033][flwr][INFO] - configure_fit: strategy sampled 20 clients (out of 20)
[2025-02-10 04:36:32,327][flwr][INFO] - aggregate_fit: received 20 results and 0 failures
[2025-02-10 04:36:38,180][flwr][INFO] - fit progress: (6, 0.05995624951124191, {'accuracy': 0.6136}, 344.65099141399696)
[2025-02-10 04:36:38,180][flwr][INFO] - configure_evaluate: strategy sampled 20 clients (out of 20)
[2025-02-10 04:37:03,917][flwr][INFO] - aggregate_evaluate: received 20 results and 0 failures
[2025-02-10 04:37:03,917][flwr][INFO] - 
[2025-02-10 04:37:03,917][flwr][INFO] - [ROUND 7]
[2025-02-10 04:37:03,918][flwr][INFO] - configure_fit: strategy sampled 20 clients (out of 20)
[2025-02-10 04:37:33,130][flwr][ERROR] - An exception was raised when processing a message by RayBackend
[2025-02-10 04:37:33,130][flwr][ERROR] - [36mray::ClientAppActor.run()[39m (pid=19946, ip=172.27.85.201, actor_id=eab04958636219e5b283374801000000, repr=<flwr.simulation.ray_transport.ray_actor.ClientAppActor object at 0x7fa4c833e710>)
  File "/home/theo_ubuntu/miniconda3/envs/flwr_25_DP/lib/python3.11/site-packages/requests/models.py", line 1024, in raise_for_status
    raise HTTPError(http_error_msg, response=self)
requests.exceptions.HTTPError: 504 Server Error: Gateway Time-out for url: https://huggingface.co/api/datasets/ylecun/mnist/paths-info/77f3279092a1c1579b2250db8eafed0ad422088c

The above exception was the direct cause of the following exception:

[36mray::ClientAppActor.run()[39m (pid=19946, ip=172.27.85.201, actor_id=eab04958636219e5b283374801000000, repr=<flwr.simulation.ray_transport.ray_actor.ClientAppActor object at 0x7fa4c833e710>)
  File "/home/theo_ubuntu/miniconda3/envs/flwr_25_DP/lib/python3.11/site-packages/flwr/simulation/ray_transport/ray_actor.py", line 58, in run
    out_message = app(message=message, context=context)
                  ^^^^^^^^^^^^^^^^^^^^^^^^^^^^^^^^^^^^^
  File "/home/theo_ubuntu/miniconda3/envs/flwr_25_DP/lib/python3.11/site-packages/flwr/client/client_app.py", line 143, in __call__
    return self._call(message, context)
           ^^^^^^^^^^^^^^^^^^^^^^^^^^^^
  File "/home/theo_ubuntu/miniconda3/envs/flwr_25_DP/lib/python3.11/site-packages/flwr/client/client_app.py", line 126, in ffn
    out_message = handle_legacy_message_from_msgtype(
                  ^^^^^^^^^^^^^^^^^^^^^^^^^^^^^^^^^^^
  File "/home/theo_ubuntu/miniconda3/envs/flwr_25_DP/lib/python3.11/site-packages/flwr/client/message_handler/message_handler.py", line 96, in handle_legacy_message_from_msgtype
    client = client_fn(context)
             ^^^^^^^^^^^^^^^^^^
  File "/home/theo_ubuntu/Diplomatic_incident/Differential_Privacy/Mnist_2/opacus_fl/client_utils.py", line 105, in client_fn
    trainloader, valloader, _= load_datasets(cfg, partition_id)
                               ^^^^^^^^^^^^^^^^^^^^^^^^^^^^^^^^
  File "/home/theo_ubuntu/Diplomatic_incident/Differential_Privacy/Mnist_2/opacus_fl/data_utils.py", line 27, in load_datasets
    partition = fds.load_partition(partition_id)
                ^^^^^^^^^^^^^^^^^^^^^^^^^^^^^^^^
  File "/home/theo_ubuntu/miniconda3/envs/flwr_25_DP/lib/python3.11/site-packages/flwr_datasets/federated_dataset.py", line 177, in load_partition
    self._prepare_dataset()
  File "/home/theo_ubuntu/miniconda3/envs/flwr_25_DP/lib/python3.11/site-packages/flwr_datasets/federated_dataset.py", line 314, in _prepare_dataset
    self._dataset = datasets.load_dataset(
                    ^^^^^^^^^^^^^^^^^^^^^^
  File "/home/theo_ubuntu/miniconda3/envs/flwr_25_DP/lib/python3.11/site-packages/datasets/load.py", line 2132, in load_dataset
    builder_instance = load_dataset_builder(
                       ^^^^^^^^^^^^^^^^^^^^^
  File "/home/theo_ubuntu/miniconda3/envs/flwr_25_DP/lib/python3.11/site-packages/datasets/load.py", line 1890, in load_dataset_builder
    builder_instance: DatasetBuilder = builder_cls(
                                       ^^^^^^^^^^^^
  File "/home/theo_ubuntu/miniconda3/envs/flwr_25_DP/lib/python3.11/site-packages/datasets/builder.py", line 342, in __init__
    self.config, self.config_id = self._create_builder_config(
                                  ^^^^^^^^^^^^^^^^^^^^^^^^^^^^
  File "/home/theo_ubuntu/miniconda3/envs/flwr_25_DP/lib/python3.11/site-packages/datasets/builder.py", line 597, in _create_builder_config
    builder_config._resolve_data_files(
  File "/home/theo_ubuntu/miniconda3/envs/flwr_25_DP/lib/python3.11/site-packages/datasets/builder.py", line 206, in _resolve_data_files
    self.data_files = self.data_files.resolve(base_path, download_config)
                      ^^^^^^^^^^^^^^^^^^^^^^^^^^^^^^^^^^^^^^^^^^^^^^^^^^^
  File "/home/theo_ubuntu/miniconda3/envs/flwr_25_DP/lib/python3.11/site-packages/datasets/data_files.py", line 818, in resolve
    out[key] = data_files_patterns_list.resolve(base_path, download_config)
               ^^^^^^^^^^^^^^^^^^^^^^^^^^^^^^^^^^^^^^^^^^^^^^^^^^^^^^^^^^^^
  File "/home/theo_ubuntu/miniconda3/envs/flwr_25_DP/lib/python3.11/site-packages/datasets/data_files.py", line 771, in resolve
    resolve_pattern(
  File "/home/theo_ubuntu/miniconda3/envs/flwr_25_DP/lib/python3.11/site-packages/datasets/data_files.py", line 388, in resolve_pattern
    for filepath, info in fs.glob(pattern, detail=True, **glob_kwargs).items()
                          ^^^^^^^^^^^^^^^^^^^^^^^^^^^^^^^^^^^^^^^^^^^^
  File "/home/theo_ubuntu/miniconda3/envs/flwr_25_DP/lib/python3.11/site-packages/huggingface_hub/hf_file_system.py", line 521, in glob
    return super().glob(path, **kwargs)
           ^^^^^^^^^^^^^^^^^^^^^^^^^^^^
  File "/home/theo_ubuntu/miniconda3/envs/flwr_25_DP/lib/python3.11/site-packages/fsspec/spec.py", line 611, in glob
    allpaths = self.find(root, maxdepth=depth, withdirs=True, detail=True, **kwargs)
               ^^^^^^^^^^^^^^^^^^^^^^^^^^^^^^^^^^^^^^^^^^^^^^^^^^^^^^^^^^^^^^^^^^^^^
  File "/home/theo_ubuntu/miniconda3/envs/flwr_25_DP/lib/python3.11/site-packages/huggingface_hub/hf_file_system.py", line 556, in find
    return super().find(
           ^^^^^^^^^^^^^
  File "/home/theo_ubuntu/miniconda3/envs/flwr_25_DP/lib/python3.11/site-packages/fsspec/spec.py", line 502, in find
    out[path] = self.info(path)
                ^^^^^^^^^^^^^^^
  File "/home/theo_ubuntu/miniconda3/envs/flwr_25_DP/lib/python3.11/site-packages/huggingface_hub/hf_file_system.py", line 719, in info
    paths_info = self._api.get_paths_info(
                 ^^^^^^^^^^^^^^^^^^^^^^^^^
  File "/home/theo_ubuntu/miniconda3/envs/flwr_25_DP/lib/python3.11/site-packages/huggingface_hub/utils/_validators.py", line 114, in _inner_fn
    return fn(*args, **kwargs)
           ^^^^^^^^^^^^^^^^^^^
  File "/home/theo_ubuntu/miniconda3/envs/flwr_25_DP/lib/python3.11/site-packages/huggingface_hub/hf_api.py", line 3303, in get_paths_info
    hf_raise_for_status(response)
  File "/home/theo_ubuntu/miniconda3/envs/flwr_25_DP/lib/python3.11/site-packages/huggingface_hub/utils/_http.py", line 477, in hf_raise_for_status
    raise _format(HfHubHTTPError, str(e), response) from e
huggingface_hub.errors.HfHubHTTPError: 504 Server Error: Gateway Time-out for url: https://huggingface.co/api/datasets/ylecun/mnist/paths-info/77f3279092a1c1579b2250db8eafed0ad422088c

The above exception was the direct cause of the following exception:

[36mray::ClientAppActor.run()[39m (pid=19946, ip=172.27.85.201, actor_id=eab04958636219e5b283374801000000, repr=<flwr.simulation.ray_transport.ray_actor.ClientAppActor object at 0x7fa4c833e710>)
           ^^^^^^^^^^^^^^^^^^^^^^^^^^^^^^^^^^^^
           ^^^^^^^^^^^^^^^^^^^^^^^^^^^^^^^
  File "/home/theo_ubuntu/miniconda3/envs/flwr_25_DP/lib/python3.11/site-packages/flwr/simulation/ray_transport/ray_actor.py", line 64, in run
    raise ClientAppException(str(ex)) from ex
flwr.client.client_app.ClientAppException: 
Exception ClientAppException occurred. Message: 504 Server Error: Gateway Time-out for url: https://huggingface.co/api/datasets/ylecun/mnist/paths-info/77f3279092a1c1579b2250db8eafed0ad422088c
[2025-02-10 04:37:33,132][flwr][ERROR] - Traceback (most recent call last):
  File "/home/theo_ubuntu/miniconda3/envs/flwr_25_DP/lib/python3.11/site-packages/flwr/server/superlink/fleet/vce/vce_api.py", line 112, in worker
    out_mssg, updated_context = backend.process_message(message, context)
                                ^^^^^^^^^^^^^^^^^^^^^^^^^^^^^^^^^^^^^^^^^
  File "/home/theo_ubuntu/miniconda3/envs/flwr_25_DP/lib/python3.11/site-packages/flwr/server/superlink/fleet/vce/backend/raybackend.py", line 187, in process_message
    raise ex
  File "/home/theo_ubuntu/miniconda3/envs/flwr_25_DP/lib/python3.11/site-packages/flwr/server/superlink/fleet/vce/backend/raybackend.py", line 175, in process_message
    ) = self.pool.fetch_result_and_return_actor_to_pool(future)
        ^^^^^^^^^^^^^^^^^^^^^^^^^^^^^^^^^^^^^^^^^^^^^^^^^^^^^^^
  File "/home/theo_ubuntu/miniconda3/envs/flwr_25_DP/lib/python3.11/site-packages/flwr/simulation/ray_transport/ray_actor.py", line 478, in fetch_result_and_return_actor_to_pool
    _, out_mssg, updated_context = ray.get(future)
                                   ^^^^^^^^^^^^^^^
  File "/home/theo_ubuntu/miniconda3/envs/flwr_25_DP/lib/python3.11/site-packages/ray/_private/auto_init_hook.py", line 21, in auto_init_wrapper
    return fn(*args, **kwargs)
           ^^^^^^^^^^^^^^^^^^^
  File "/home/theo_ubuntu/miniconda3/envs/flwr_25_DP/lib/python3.11/site-packages/ray/_private/client_mode_hook.py", line 103, in wrapper
    return func(*args, **kwargs)
           ^^^^^^^^^^^^^^^^^^^^^
  File "/home/theo_ubuntu/miniconda3/envs/flwr_25_DP/lib/python3.11/site-packages/ray/_private/worker.py", line 2667, in get
    values, debugger_breakpoint = worker.get_objects(object_refs, timeout=timeout)
                                  ^^^^^^^^^^^^^^^^^^^^^^^^^^^^^^^^^^^^^^^^^^^^^^^^
  File "/home/theo_ubuntu/miniconda3/envs/flwr_25_DP/lib/python3.11/site-packages/ray/_private/worker.py", line 864, in get_objects
    raise value.as_instanceof_cause()
ray.exceptions.RayTaskError(ClientAppException): [36mray::ClientAppActor.run()[39m (pid=19946, ip=172.27.85.201, actor_id=eab04958636219e5b283374801000000, repr=<flwr.simulation.ray_transport.ray_actor.ClientAppActor object at 0x7fa4c833e710>)
  File "/home/theo_ubuntu/miniconda3/envs/flwr_25_DP/lib/python3.11/site-packages/requests/models.py", line 1024, in raise_for_status
    raise HTTPError(http_error_msg, response=self)
requests.exceptions.HTTPError: 504 Server Error: Gateway Time-out for url: https://huggingface.co/api/datasets/ylecun/mnist/paths-info/77f3279092a1c1579b2250db8eafed0ad422088c

The above exception was the direct cause of the following exception:

[36mray::ClientAppActor.run()[39m (pid=19946, ip=172.27.85.201, actor_id=eab04958636219e5b283374801000000, repr=<flwr.simulation.ray_transport.ray_actor.ClientAppActor object at 0x7fa4c833e710>)
  File "/home/theo_ubuntu/miniconda3/envs/flwr_25_DP/lib/python3.11/site-packages/flwr/simulation/ray_transport/ray_actor.py", line 58, in run
    out_message = app(message=message, context=context)
                  ^^^^^^^^^^^^^^^^^^^^^^^^^^^^^^^^^^^^^
  File "/home/theo_ubuntu/miniconda3/envs/flwr_25_DP/lib/python3.11/site-packages/flwr/client/client_app.py", line 143, in __call__
    return self._call(message, context)
           ^^^^^^^^^^^^^^^^^^^^^^^^^^^^
  File "/home/theo_ubuntu/miniconda3/envs/flwr_25_DP/lib/python3.11/site-packages/flwr/client/client_app.py", line 126, in ffn
    out_message = handle_legacy_message_from_msgtype(
                  ^^^^^^^^^^^^^^^^^^^^^^^^^^^^^^^^^^^
  File "/home/theo_ubuntu/miniconda3/envs/flwr_25_DP/lib/python3.11/site-packages/flwr/client/message_handler/message_handler.py", line 96, in handle_legacy_message_from_msgtype
    client = client_fn(context)
             ^^^^^^^^^^^^^^^^^^
  File "/home/theo_ubuntu/Diplomatic_incident/Differential_Privacy/Mnist_2/opacus_fl/client_utils.py", line 105, in client_fn
    trainloader, valloader, _= load_datasets(cfg, partition_id)
                               ^^^^^^^^^^^^^^^^^^^^^^^^^^^^^^^^
  File "/home/theo_ubuntu/Diplomatic_incident/Differential_Privacy/Mnist_2/opacus_fl/data_utils.py", line 27, in load_datasets
    partition = fds.load_partition(partition_id)
                ^^^^^^^^^^^^^^^^^^^^^^^^^^^^^^^^
  File "/home/theo_ubuntu/miniconda3/envs/flwr_25_DP/lib/python3.11/site-packages/flwr_datasets/federated_dataset.py", line 177, in load_partition
    self._prepare_dataset()
  File "/home/theo_ubuntu/miniconda3/envs/flwr_25_DP/lib/python3.11/site-packages/flwr_datasets/federated_dataset.py", line 314, in _prepare_dataset
    self._dataset = datasets.load_dataset(
                    ^^^^^^^^^^^^^^^^^^^^^^
  File "/home/theo_ubuntu/miniconda3/envs/flwr_25_DP/lib/python3.11/site-packages/datasets/load.py", line 2132, in load_dataset
    builder_instance = load_dataset_builder(
                       ^^^^^^^^^^^^^^^^^^^^^
  File "/home/theo_ubuntu/miniconda3/envs/flwr_25_DP/lib/python3.11/site-packages/datasets/load.py", line 1890, in load_dataset_builder
    builder_instance: DatasetBuilder = builder_cls(
                                       ^^^^^^^^^^^^
  File "/home/theo_ubuntu/miniconda3/envs/flwr_25_DP/lib/python3.11/site-packages/datasets/builder.py", line 342, in __init__
    self.config, self.config_id = self._create_builder_config(
                                  ^^^^^^^^^^^^^^^^^^^^^^^^^^^^
  File "/home/theo_ubuntu/miniconda3/envs/flwr_25_DP/lib/python3.11/site-packages/datasets/builder.py", line 597, in _create_builder_config
    builder_config._resolve_data_files(
  File "/home/theo_ubuntu/miniconda3/envs/flwr_25_DP/lib/python3.11/site-packages/datasets/builder.py", line 206, in _resolve_data_files
    self.data_files = self.data_files.resolve(base_path, download_config)
                      ^^^^^^^^^^^^^^^^^^^^^^^^^^^^^^^^^^^^^^^^^^^^^^^^^^^
  File "/home/theo_ubuntu/miniconda3/envs/flwr_25_DP/lib/python3.11/site-packages/datasets/data_files.py", line 818, in resolve
    out[key] = data_files_patterns_list.resolve(base_path, download_config)
               ^^^^^^^^^^^^^^^^^^^^^^^^^^^^^^^^^^^^^^^^^^^^^^^^^^^^^^^^^^^^
  File "/home/theo_ubuntu/miniconda3/envs/flwr_25_DP/lib/python3.11/site-packages/datasets/data_files.py", line 771, in resolve
    resolve_pattern(
  File "/home/theo_ubuntu/miniconda3/envs/flwr_25_DP/lib/python3.11/site-packages/datasets/data_files.py", line 388, in resolve_pattern
    for filepath, info in fs.glob(pattern, detail=True, **glob_kwargs).items()
                          ^^^^^^^^^^^^^^^^^^^^^^^^^^^^^^^^^^^^^^^^^^^^
  File "/home/theo_ubuntu/miniconda3/envs/flwr_25_DP/lib/python3.11/site-packages/huggingface_hub/hf_file_system.py", line 521, in glob
    return super().glob(path, **kwargs)
           ^^^^^^^^^^^^^^^^^^^^^^^^^^^^
  File "/home/theo_ubuntu/miniconda3/envs/flwr_25_DP/lib/python3.11/site-packages/fsspec/spec.py", line 611, in glob
    allpaths = self.find(root, maxdepth=depth, withdirs=True, detail=True, **kwargs)
               ^^^^^^^^^^^^^^^^^^^^^^^^^^^^^^^^^^^^^^^^^^^^^^^^^^^^^^^^^^^^^^^^^^^^^
  File "/home/theo_ubuntu/miniconda3/envs/flwr_25_DP/lib/python3.11/site-packages/huggingface_hub/hf_file_system.py", line 556, in find
    return super().find(
           ^^^^^^^^^^^^^
  File "/home/theo_ubuntu/miniconda3/envs/flwr_25_DP/lib/python3.11/site-packages/fsspec/spec.py", line 502, in find
    out[path] = self.info(path)
                ^^^^^^^^^^^^^^^
  File "/home/theo_ubuntu/miniconda3/envs/flwr_25_DP/lib/python3.11/site-packages/huggingface_hub/hf_file_system.py", line 719, in info
    paths_info = self._api.get_paths_info(
                 ^^^^^^^^^^^^^^^^^^^^^^^^^
  File "/home/theo_ubuntu/miniconda3/envs/flwr_25_DP/lib/python3.11/site-packages/huggingface_hub/utils/_validators.py", line 114, in _inner_fn
    return fn(*args, **kwargs)
           ^^^^^^^^^^^^^^^^^^^
  File "/home/theo_ubuntu/miniconda3/envs/flwr_25_DP/lib/python3.11/site-packages/huggingface_hub/hf_api.py", line 3303, in get_paths_info
    hf_raise_for_status(response)
  File "/home/theo_ubuntu/miniconda3/envs/flwr_25_DP/lib/python3.11/site-packages/huggingface_hub/utils/_http.py", line 477, in hf_raise_for_status
    raise _format(HfHubHTTPError, str(e), response) from e
huggingface_hub.errors.HfHubHTTPError: 504 Server Error: Gateway Time-out for url: https://huggingface.co/api/datasets/ylecun/mnist/paths-info/77f3279092a1c1579b2250db8eafed0ad422088c

The above exception was the direct cause of the following exception:

[36mray::ClientAppActor.run()[39m (pid=19946, ip=172.27.85.201, actor_id=eab04958636219e5b283374801000000, repr=<flwr.simulation.ray_transport.ray_actor.ClientAppActor object at 0x7fa4c833e710>)
           ^^^^^^^^^^^^^^^^^^^^^^^^^^^^^^^^^^^^
           ^^^^^^^^^^^^^^^^^^^^^^^^^^^^^^^
  File "/home/theo_ubuntu/miniconda3/envs/flwr_25_DP/lib/python3.11/site-packages/flwr/simulation/ray_transport/ray_actor.py", line 64, in run
    raise ClientAppException(str(ex)) from ex
flwr.client.client_app.ClientAppException: 
Exception ClientAppException occurred. Message: 504 Server Error: Gateway Time-out for url: https://huggingface.co/api/datasets/ylecun/mnist/paths-info/77f3279092a1c1579b2250db8eafed0ad422088c

[2025-02-10 04:38:00,378][flwr][INFO] - aggregate_fit: received 19 results and 1 failures
[2025-02-10 04:38:05,734][flwr][INFO] - fit progress: (7, 0.05476003178358078, {'accuracy': 0.631}, 432.2059827150006)
[2025-02-10 04:38:05,735][flwr][INFO] - configure_evaluate: strategy sampled 20 clients (out of 20)
[2025-02-10 04:38:29,269][flwr][INFO] - aggregate_evaluate: received 20 results and 0 failures
[2025-02-10 04:38:29,269][flwr][INFO] - 
[2025-02-10 04:38:29,270][flwr][INFO] - [ROUND 8]
[2025-02-10 04:38:29,270][flwr][INFO] - configure_fit: strategy sampled 20 clients (out of 20)
[2025-02-10 04:38:55,948][flwr][INFO] - aggregate_fit: received 20 results and 0 failures
[2025-02-10 04:39:01,826][flwr][INFO] - fit progress: (8, 0.04918697017431259, {'accuracy': 0.6265}, 488.2973803999994)
[2025-02-10 04:39:01,826][flwr][INFO] - configure_evaluate: strategy sampled 20 clients (out of 20)
[2025-02-10 04:39:25,661][flwr][INFO] - aggregate_evaluate: received 20 results and 0 failures
[2025-02-10 04:39:25,661][flwr][INFO] - 
[2025-02-10 04:39:25,662][flwr][INFO] - [ROUND 9]
[2025-02-10 04:39:25,662][flwr][INFO] - configure_fit: strategy sampled 20 clients (out of 20)
[2025-02-10 04:39:51,515][flwr][INFO] - aggregate_fit: received 20 results and 0 failures
[2025-02-10 04:39:57,020][flwr][INFO] - fit progress: (9, 0.04368245133161545, {'accuracy': 0.6322}, 543.4915404829953)
[2025-02-10 04:39:57,020][flwr][INFO] - configure_evaluate: strategy sampled 20 clients (out of 20)
[2025-02-10 04:40:21,599][flwr][INFO] - aggregate_evaluate: received 20 results and 0 failures
[2025-02-10 04:40:21,599][flwr][INFO] - 
[2025-02-10 04:40:21,599][flwr][INFO] - [ROUND 10]
[2025-02-10 04:40:21,600][flwr][INFO] - configure_fit: strategy sampled 20 clients (out of 20)
[2025-02-10 04:40:48,086][flwr][INFO] - aggregate_fit: received 20 results and 0 failures
[2025-02-10 04:40:53,790][flwr][INFO] - fit progress: (10, 0.03940908694267273, {'accuracy': 0.6446}, 600.261090259999)
[2025-02-10 04:40:53,790][flwr][INFO] - configure_evaluate: strategy sampled 20 clients (out of 20)
[2025-02-10 04:41:18,327][flwr][INFO] - aggregate_evaluate: received 20 results and 0 failures
[2025-02-10 04:41:18,327][flwr][INFO] - 
[2025-02-10 04:41:18,328][flwr][INFO] - [ROUND 11]
[2025-02-10 04:41:18,328][flwr][INFO] - configure_fit: strategy sampled 20 clients (out of 20)
[2025-02-10 04:41:45,667][flwr][INFO] - aggregate_fit: received 20 results and 0 failures
[2025-02-10 04:41:51,490][flwr][INFO] - fit progress: (11, 0.03620622424483299, {'accuracy': 0.6579}, 657.9613930549967)
[2025-02-10 04:41:51,490][flwr][INFO] - configure_evaluate: strategy sampled 20 clients (out of 20)
[2025-02-10 04:42:18,255][flwr][INFO] - aggregate_evaluate: received 20 results and 0 failures
[2025-02-10 04:42:18,255][flwr][INFO] - 
[2025-02-10 04:42:18,256][flwr][INFO] - [ROUND 12]
[2025-02-10 04:42:18,256][flwr][INFO] - configure_fit: strategy sampled 20 clients (out of 20)
[2025-02-10 04:42:43,942][flwr][INFO] - aggregate_fit: received 20 results and 0 failures
[2025-02-10 04:42:48,901][flwr][INFO] - fit progress: (12, 0.03302808871269226, {'accuracy': 0.6675}, 715.3721188409982)
[2025-02-10 04:42:48,901][flwr][INFO] - configure_evaluate: strategy sampled 20 clients (out of 20)
[2025-02-10 04:43:13,235][flwr][INFO] - aggregate_evaluate: received 20 results and 0 failures
[2025-02-10 04:43:13,235][flwr][INFO] - 
[2025-02-10 04:43:13,235][flwr][INFO] - [ROUND 13]
[2025-02-10 04:43:13,235][flwr][INFO] - configure_fit: strategy sampled 20 clients (out of 20)
[2025-02-10 04:43:38,208][flwr][INFO] - aggregate_fit: received 20 results and 0 failures
[2025-02-10 04:43:43,640][flwr][INFO] - fit progress: (13, 0.030554203510284424, {'accuracy': 0.6742}, 770.1112716229982)
[2025-02-10 04:43:43,640][flwr][INFO] - configure_evaluate: strategy sampled 20 clients (out of 20)
[2025-02-10 04:44:06,488][flwr][INFO] - aggregate_evaluate: received 20 results and 0 failures
[2025-02-10 04:44:06,489][flwr][INFO] - 
[2025-02-10 04:44:06,489][flwr][INFO] - [ROUND 14]
[2025-02-10 04:44:06,489][flwr][INFO] - configure_fit: strategy sampled 20 clients (out of 20)
[2025-02-10 04:44:31,459][flwr][INFO] - aggregate_fit: received 20 results and 0 failures
[2025-02-10 04:44:37,522][flwr][INFO] - fit progress: (14, 0.028291109877824783, {'accuracy': 0.6944}, 823.9937782549969)
[2025-02-10 04:44:37,522][flwr][INFO] - configure_evaluate: strategy sampled 20 clients (out of 20)
[2025-02-10 04:44:59,955][flwr][INFO] - aggregate_evaluate: received 20 results and 0 failures
[2025-02-10 04:44:59,955][flwr][INFO] - 
[2025-02-10 04:44:59,955][flwr][INFO] - [ROUND 15]
[2025-02-10 04:44:59,956][flwr][INFO] - configure_fit: strategy sampled 20 clients (out of 20)
[2025-02-10 04:45:24,796][flwr][INFO] - aggregate_fit: received 20 results and 0 failures
[2025-02-10 04:45:31,503][flwr][INFO] - fit progress: (15, 0.02650721418261528, {'accuracy': 0.717}, 877.9745595200002)
[2025-02-10 04:45:31,503][flwr][INFO] - configure_evaluate: strategy sampled 20 clients (out of 20)
[2025-02-10 04:45:55,038][flwr][INFO] - aggregate_evaluate: received 20 results and 0 failures
[2025-02-10 04:45:55,038][flwr][INFO] - 
[2025-02-10 04:45:55,038][flwr][INFO] - [ROUND 16]
[2025-02-10 04:45:55,038][flwr][INFO] - configure_fit: strategy sampled 20 clients (out of 20)
[2025-02-10 04:46:20,698][flwr][INFO] - aggregate_fit: received 20 results and 0 failures
[2025-02-10 04:46:26,424][flwr][INFO] - fit progress: (16, 0.02527375143766403, {'accuracy': 0.7194}, 932.8953785869962)
[2025-02-10 04:46:26,424][flwr][INFO] - configure_evaluate: strategy sampled 20 clients (out of 20)
[2025-02-10 04:46:49,080][flwr][INFO] - aggregate_evaluate: received 20 results and 0 failures
[2025-02-10 04:46:49,081][flwr][INFO] - 
[2025-02-10 04:46:49,081][flwr][INFO] - [ROUND 17]
[2025-02-10 04:46:49,081][flwr][INFO] - configure_fit: strategy sampled 20 clients (out of 20)
[2025-02-10 04:47:15,331][flwr][INFO] - aggregate_fit: received 20 results and 0 failures
[2025-02-10 04:47:20,336][flwr][INFO] - fit progress: (17, 0.024083069172501564, {'accuracy': 0.729}, 986.8070526369993)
[2025-02-10 04:47:20,336][flwr][INFO] - configure_evaluate: strategy sampled 20 clients (out of 20)
[2025-02-10 04:47:43,871][flwr][INFO] - aggregate_evaluate: received 20 results and 0 failures
[2025-02-10 04:47:43,871][flwr][INFO] - 
[2025-02-10 04:47:43,871][flwr][INFO] - [ROUND 18]
[2025-02-10 04:47:43,872][flwr][INFO] - configure_fit: strategy sampled 20 clients (out of 20)
[2025-02-10 04:48:09,225][flwr][INFO] - aggregate_fit: received 20 results and 0 failures
[2025-02-10 04:48:14,393][flwr][INFO] - fit progress: (18, 0.023101568758487703, {'accuracy': 0.7481}, 1040.864880191999)
[2025-02-10 04:48:14,394][flwr][INFO] - configure_evaluate: strategy sampled 20 clients (out of 20)
[2025-02-10 04:48:37,028][flwr][INFO] - aggregate_evaluate: received 20 results and 0 failures
[2025-02-10 04:48:37,028][flwr][INFO] - 
[2025-02-10 04:48:37,029][flwr][INFO] - [ROUND 19]
[2025-02-10 04:48:37,029][flwr][INFO] - configure_fit: strategy sampled 20 clients (out of 20)
[2025-02-10 04:49:02,185][flwr][INFO] - aggregate_fit: received 20 results and 0 failures
[2025-02-10 04:49:07,758][flwr][INFO] - fit progress: (19, 0.02265945374071598, {'accuracy': 0.7455}, 1094.2299203529983)
[2025-02-10 04:49:07,759][flwr][INFO] - configure_evaluate: strategy sampled 20 clients (out of 20)
[2025-02-10 04:49:31,093][flwr][INFO] - aggregate_evaluate: received 20 results and 0 failures
[2025-02-10 04:49:31,094][flwr][INFO] - 
[2025-02-10 04:49:31,094][flwr][INFO] - [ROUND 20]
[2025-02-10 04:49:31,094][flwr][INFO] - configure_fit: strategy sampled 20 clients (out of 20)
[2025-02-10 04:49:57,453][flwr][INFO] - aggregate_fit: received 20 results and 0 failures
[2025-02-10 04:50:02,441][flwr][INFO] - fit progress: (20, 0.022072812274098397, {'accuracy': 0.7535}, 1148.9120682479988)
[2025-02-10 04:50:02,441][flwr][INFO] - configure_evaluate: strategy sampled 20 clients (out of 20)
[2025-02-10 04:50:27,477][flwr][INFO] - aggregate_evaluate: received 20 results and 0 failures
[2025-02-10 04:50:27,478][flwr][INFO] - 
[2025-02-10 04:50:27,478][flwr][INFO] - [SUMMARY]
[2025-02-10 04:50:27,478][flwr][INFO] - Run finished 20 round(s) in 1173.95s
[2025-02-10 04:50:27,479][flwr][INFO] - 	History (loss, distributed):
[2025-02-10 04:50:27,479][flwr][INFO] - 		round 1: 0.07618730694055556
[2025-02-10 04:50:27,479][flwr][INFO] - 		round 2: 0.0753532369931539
[2025-02-10 04:50:27,479][flwr][INFO] - 		round 3: 0.07402383128801983
[2025-02-10 04:50:27,479][flwr][INFO] - 		round 4: 0.07192790935436885
[2025-02-10 04:50:27,479][flwr][INFO] - 		round 5: 0.0687303941945235
[2025-02-10 04:50:27,479][flwr][INFO] - 		round 6: 0.06409346386790275
[2025-02-10 04:50:27,479][flwr][INFO] - 		round 7: 0.05862568726142248
[2025-02-10 04:50:27,480][flwr][INFO] - 		round 8: 0.052746753146251046
[2025-02-10 04:50:27,480][flwr][INFO] - 		round 9: 0.0469969387849172
[2025-02-10 04:50:27,480][flwr][INFO] - 		round 10: 0.042591683318217596
[2025-02-10 04:50:27,480][flwr][INFO] - 		round 11: 0.03926392835875352
[2025-02-10 04:50:27,480][flwr][INFO] - 		round 12: 0.0359264986217022
[2025-02-10 04:50:27,480][flwr][INFO] - 		round 13: 0.03330112136900425
[2025-02-10 04:50:27,480][flwr][INFO] - 		round 14: 0.030869931553800894
[2025-02-10 04:50:27,480][flwr][INFO] - 		round 15: 0.028977044671773915
[2025-02-10 04:50:27,480][flwr][INFO] - 		round 16: 0.02754125437388818
[2025-02-10 04:50:27,480][flwr][INFO] - 		round 17: 0.02616787936538458
[2025-02-10 04:50:27,480][flwr][INFO] - 		round 18: 0.025040664610763385
[2025-02-10 04:50:27,481][flwr][INFO] - 		round 19: 0.024538607547680537
[2025-02-10 04:50:27,481][flwr][INFO] - 		round 20: 0.02384843574215969
[2025-02-10 04:50:27,481][flwr][INFO] - 	History (loss, centralized):
[2025-02-10 04:50:27,481][flwr][INFO] - 		round 0: 0.07212486484050751
[2025-02-10 04:50:27,481][flwr][INFO] - 		round 1: 0.07147369666099548
[2025-02-10 04:50:27,481][flwr][INFO] - 		round 2: 0.0706770703792572
[2025-02-10 04:50:27,481][flwr][INFO] - 		round 3: 0.06939228265285492
[2025-02-10 04:50:27,481][flwr][INFO] - 		round 4: 0.06740407202243805
[2025-02-10 04:50:27,481][flwr][INFO] - 		round 5: 0.06435328602790832
[2025-02-10 04:50:27,481][flwr][INFO] - 		round 6: 0.05995624951124191
[2025-02-10 04:50:27,482][flwr][INFO] - 		round 7: 0.05476003178358078
[2025-02-10 04:50:27,482][flwr][INFO] - 		round 8: 0.04918697017431259
[2025-02-10 04:50:27,482][flwr][INFO] - 		round 9: 0.04368245133161545
[2025-02-10 04:50:27,482][flwr][INFO] - 		round 10: 0.03940908694267273
[2025-02-10 04:50:27,482][flwr][INFO] - 		round 11: 0.03620622424483299
[2025-02-10 04:50:27,482][flwr][INFO] - 		round 12: 0.03302808871269226
[2025-02-10 04:50:27,482][flwr][INFO] - 		round 13: 0.030554203510284424
[2025-02-10 04:50:27,482][flwr][INFO] - 		round 14: 0.028291109877824783
[2025-02-10 04:50:27,482][flwr][INFO] - 		round 15: 0.02650721418261528
[2025-02-10 04:50:27,482][flwr][INFO] - 		round 16: 0.02527375143766403
[2025-02-10 04:50:27,482][flwr][INFO] - 		round 17: 0.024083069172501564
[2025-02-10 04:50:27,483][flwr][INFO] - 		round 18: 0.023101568758487703
[2025-02-10 04:50:27,483][flwr][INFO] - 		round 19: 0.02265945374071598
[2025-02-10 04:50:27,483][flwr][INFO] - 		round 20: 0.022072812274098397
[2025-02-10 04:50:27,483][flwr][INFO] - 	History (metrics, distributed, fit):
[2025-02-10 04:50:27,483][flwr][INFO] - 	{'clients_epsilons': [(1, 0.6813471387867438),
[2025-02-10 04:50:27,483][flwr][INFO] - 	                      (2, 0.6813471387867438),
[2025-02-10 04:50:27,483][flwr][INFO] - 	                      (3, 0.6813471387867438),
[2025-02-10 04:50:27,483][flwr][INFO] - 	                      (4, 0.6813471387867438),
[2025-02-10 04:50:27,483][flwr][INFO] - 	                      (5, 0.6813471387867438),
[2025-02-10 04:50:27,483][flwr][INFO] - 	                      (6, 0.6813471387867438),
[2025-02-10 04:50:27,483][flwr][INFO] - 	                      (7, 0.6813471387867437),
[2025-02-10 04:50:27,483][flwr][INFO] - 	                      (8, 0.6813471387867438),
[2025-02-10 04:50:27,483][flwr][INFO] - 	                      (9, 0.6813471387867438),
[2025-02-10 04:50:27,483][flwr][INFO] - 	                      (10, 0.6813471387867438),
[2025-02-10 04:50:27,484][flwr][INFO] - 	                      (11, 0.6813471387867438),
[2025-02-10 04:50:27,484][flwr][INFO] - 	                      (12, 0.6813471387867438),
[2025-02-10 04:50:27,484][flwr][INFO] - 	                      (13, 0.6813471387867438),
[2025-02-10 04:50:27,484][flwr][INFO] - 	                      (14, 0.6813471387867438),
[2025-02-10 04:50:27,484][flwr][INFO] - 	                      (15, 0.6813471387867438),
[2025-02-10 04:50:27,484][flwr][INFO] - 	                      (16, 0.6813471387867438),
[2025-02-10 04:50:27,484][flwr][INFO] - 	                      (17, 0.6813471387867438),
[2025-02-10 04:50:27,484][flwr][INFO] - 	                      (18, 0.6813471387867438),
[2025-02-10 04:50:27,484][flwr][INFO] - 	                      (19, 0.6813471387867438),
[2025-02-10 04:50:27,485][flwr][INFO] - 	                      (20, 0.6813471387867438)],
[2025-02-10 04:50:27,485][flwr][INFO] - 	 'clients_losses': [(1, 2.297885625362396),
[2025-02-10 04:50:27,485][flwr][INFO] - 	                    (2, 2.2772457655270895),
[2025-02-10 04:50:27,485][flwr][INFO] - 	                    (3, 2.2495471620559693),
[2025-02-10 04:50:27,485][flwr][INFO] - 	                    (4, 2.203374263445536),
[2025-02-10 04:50:27,485][flwr][INFO] - 	                    (5, 2.1325010871887207),
[2025-02-10 04:50:27,485][flwr][INFO] - 	                    (6, 2.0261477100849152),
[2025-02-10 04:50:27,485][flwr][INFO] - 	                    (7, 1.8842577766953854),
[2025-02-10 04:50:27,485][flwr][INFO] - 	                    (8, 1.721798551082611),
[2025-02-10 04:50:27,485][flwr][INFO] - 	                    (9, 1.555515811443329),
[2025-02-10 04:50:27,485][flwr][INFO] - 	                    (10, 1.4027715988953908),
[2025-02-10 04:50:27,485][flwr][INFO] - 	                    (11, 1.291232560078303),
[2025-02-10 04:50:27,485][flwr][INFO] - 	                    (12, 1.1959484211603801),
[2025-02-10 04:50:27,486][flwr][INFO] - 	                    (13, 1.0929936796426774),
[2025-02-10 04:50:27,486][flwr][INFO] - 	                    (14, 1.0231417922178905),
[2025-02-10 04:50:27,486][flwr][INFO] - 	                    (15, 0.9533294288317362),
[2025-02-10 04:50:27,486][flwr][INFO] - 	                    (16, 0.9059623939792315),
[2025-02-10 04:50:27,486][flwr][INFO] - 	                    (17, 0.8754731528957684),
[2025-02-10 04:50:27,486][flwr][INFO] - 	                    (18, 0.8385789027810097),
[2025-02-10 04:50:27,486][flwr][INFO] - 	                    (19, 0.8106943269570669),
[2025-02-10 04:50:27,486][flwr][INFO] - 	                    (20, 0.7858390638232231)]}
[2025-02-10 04:50:27,486][flwr][INFO] - 	History (metrics, distributed, evaluate):
[2025-02-10 04:50:27,486][flwr][INFO] - 	{'clients_accuracies': [(1, 0.12375),
[2025-02-10 04:50:27,486][flwr][INFO] - 	                        (2, 0.2741666666666667),
[2025-02-10 04:50:27,486][flwr][INFO] - 	                        (3, 0.3908333333333334),
[2025-02-10 04:50:27,487][flwr][INFO] - 	                        (4, 0.4620833333333333),
[2025-02-10 04:50:27,487][flwr][INFO] - 	                        (5, 0.5570833333333334),
[2025-02-10 04:50:27,487][flwr][INFO] - 	                        (6, 0.5974999999999999),
[2025-02-10 04:50:27,487][flwr][INFO] - 	                        (7, 0.62125),
[2025-02-10 04:50:27,487][flwr][INFO] - 	                        (8, 0.615),
[2025-02-10 04:50:27,487][flwr][INFO] - 	                        (9, 0.6216666666666667),
[2025-02-10 04:50:27,487][flwr][INFO] - 	                        (10, 0.6383333333333334),
[2025-02-10 04:50:27,487][flwr][INFO] - 	                        (11, 0.6525000000000001),
[2025-02-10 04:50:27,487][flwr][INFO] - 	                        (12, 0.6554166666666666),
[2025-02-10 04:50:27,487][flwr][INFO] - 	                        (13, 0.66125),
[2025-02-10 04:50:27,487][flwr][INFO] - 	                        (14, 0.6808333333333334),
[2025-02-10 04:50:27,487][flwr][INFO] - 	                        (15, 0.70375),
[2025-02-10 04:50:27,487][flwr][INFO] - 	                        (16, 0.7083333333333334),
[2025-02-10 04:50:27,488][flwr][INFO] - 	                        (17, 0.7225000000000001),
[2025-02-10 04:50:27,488][flwr][INFO] - 	                        (18, 0.7483333333333333),
[2025-02-10 04:50:27,488][flwr][INFO] - 	                        (19, 0.7454166666666667),
[2025-02-10 04:50:27,488][flwr][INFO] - 	                        (20, 0.75625)],
[2025-02-10 04:50:27,488][flwr][INFO] - 	 'clients_losses': [(1, 0.07618730694055556),
[2025-02-10 04:50:27,488][flwr][INFO] - 	                    (2, 0.0753532369931539),
[2025-02-10 04:50:27,488][flwr][INFO] - 	                    (3, 0.07402383128801983),
[2025-02-10 04:50:27,488][flwr][INFO] - 	                    (4, 0.07192790935436885),
[2025-02-10 04:50:27,488][flwr][INFO] - 	                    (5, 0.0687303941945235),
[2025-02-10 04:50:27,488][flwr][INFO] - 	                    (6, 0.06409346386790275),
[2025-02-10 04:50:27,488][flwr][INFO] - 	                    (7, 0.05862568726142248),
[2025-02-10 04:50:27,488][flwr][INFO] - 	                    (8, 0.052746753146251046),
[2025-02-10 04:50:27,489][flwr][INFO] - 	                    (9, 0.0469969387849172),
[2025-02-10 04:50:27,489][flwr][INFO] - 	                    (10, 0.042591683318217596),
[2025-02-10 04:50:27,489][flwr][INFO] - 	                    (11, 0.03926392835875352),
[2025-02-10 04:50:27,489][flwr][INFO] - 	                    (12, 0.0359264986217022),
[2025-02-10 04:50:27,489][flwr][INFO] - 	                    (13, 0.03330112136900425),
[2025-02-10 04:50:27,489][flwr][INFO] - 	                    (14, 0.030869931553800894),
[2025-02-10 04:50:27,489][flwr][INFO] - 	                    (15, 0.028977044671773915),
[2025-02-10 04:50:27,489][flwr][INFO] - 	                    (16, 0.02754125437388818),
[2025-02-10 04:50:27,489][flwr][INFO] - 	                    (17, 0.02616787936538458),
[2025-02-10 04:50:27,489][flwr][INFO] - 	                    (18, 0.025040664610763385),
[2025-02-10 04:50:27,489][flwr][INFO] - 	                    (19, 0.024538607547680537),
[2025-02-10 04:50:27,489][flwr][INFO] - 	                    (20, 0.02384843574215969)]}
[2025-02-10 04:50:27,489][flwr][INFO] - 	History (metrics, centralized):
[2025-02-10 04:50:27,490][flwr][INFO] - 	{'accuracy': [(0, 0.0958),
[2025-02-10 04:50:27,490][flwr][INFO] - 	              (1, 0.1248),
[2025-02-10 04:50:27,490][flwr][INFO] - 	              (2, 0.2775),
[2025-02-10 04:50:27,490][flwr][INFO] - 	              (3, 0.4037),
[2025-02-10 04:50:27,490][flwr][INFO] - 	              (4, 0.4768),
[2025-02-10 04:50:27,490][flwr][INFO] - 	              (5, 0.5622),
[2025-02-10 04:50:27,490][flwr][INFO] - 	              (6, 0.6136),
[2025-02-10 04:50:27,490][flwr][INFO] - 	              (7, 0.631),
[2025-02-10 04:50:27,490][flwr][INFO] - 	              (8, 0.6265),
[2025-02-10 04:50:27,490][flwr][INFO] - 	              (9, 0.6322),
[2025-02-10 04:50:27,490][flwr][INFO] - 	              (10, 0.6446),
[2025-02-10 04:50:27,491][flwr][INFO] - 	              (11, 0.6579),
[2025-02-10 04:50:27,491][flwr][INFO] - 	              (12, 0.6675),
[2025-02-10 04:50:27,491][flwr][INFO] - 	              (13, 0.6742),
[2025-02-10 04:50:27,491][flwr][INFO] - 	              (14, 0.6944),
[2025-02-10 04:50:27,491][flwr][INFO] - 	              (15, 0.717),
[2025-02-10 04:50:27,491][flwr][INFO] - 	              (16, 0.7194),
[2025-02-10 04:50:27,491][flwr][INFO] - 	              (17, 0.729),
[2025-02-10 04:50:27,491][flwr][INFO] - 	              (18, 0.7481),
[2025-02-10 04:50:27,491][flwr][INFO] - 	              (19, 0.7455),
[2025-02-10 04:50:27,492][flwr][INFO] - 	              (20, 0.7535)]}
[2025-02-10 04:50:27,492][flwr][INFO] - 
